<?xml version="1.0" encoding="UTF-8"?>
<!-- Generated by org.testng.reporters.JUnitReportReporter -->
<testsuite hostname="alejandro" failures="0" tests="5" name="es.upo.cal.experimento_3.TestIntegersCalculator" time="0.016" errors="0" timestamp="09 oct 2023 10:38:36 GMT" skipped="0">
  <testcase classname="es.upo.cal.experimento_3.TestIntegersCalculator" name="testDivisionByZero" time="0.002"/>
  <testcase classname="es.upo.cal.experimento_3.TestIntegersCalculator" name="testMultiplication" time="0.001"/>
  <testcase classname="es.upo.cal.experimento_3.TestIntegersCalculator" name="testAddition" time="0.009"/>
  <testcase classname="es.upo.cal.experimento_3.TestIntegersCalculator" name="testSubtraction" time="0.003"/>
  <testcase classname="es.upo.cal.experimento_3.TestIntegersCalculator" name="testDivision" time="0.001"/>
</testsuite> <!-- es.upo.cal.experimento_3.TestIntegersCalculator -->
