<?xml version="1.0" encoding="UTF-8"?>
<!-- Generated by org.testng.reporters.JUnitReportReporter -->
<testsuite hostname="alejandro" failures="0" tests="4" name="es.upo.cal.experimento_3.StringsTests" time="0.015" errors="0" timestamp="09 oct 2023 10:13:18 GMT" skipped="0">
  <testcase classname="es.upo.cal.experimento_3.StringsTests" name="testStringLength" time="0.001"/>
  <testcase classname="es.upo.cal.experimento_3.StringsTests" name="testStringSubstring" time="0.003"/>
  <testcase classname="es.upo.cal.experimento_3.StringsTests" name="testStringContains" time="0.001"/>
  <testcase classname="es.upo.cal.experimento_3.StringsTests" name="testStringConcatenation" time="0.010"/>
</testsuite> <!-- es.upo.cal.experimento_3.StringsTests -->
